<?xml version="1.0" encoding="UTF-8"?>
<!-- Generated by org.testng.reporters.JUnitReportReporter -->
<testsuite hostname="DESKTOP-90T0URJ" failures="0" tests="6" name="test.BuyProducts" time="211.293" errors="0" timestamp="2022-10-30T15:35:10 EET" skipped="0">
  <testcase classname="test.BuyProducts" name="buyingProducts" time="33.096"/>
  <system-out/>
  <testcase classname="test.BuyProducts" name="buyingProducts" time="30.946"/>
  <system-out/>
  <testcase classname="test.BuyProducts" name="buyingProducts" time="45.771"/>
  <system-out/>
  <testcase classname="test.BuyProducts" name="buyingProducts" time="34.245"/>
  <system-out/>
  <testcase classname="test.BuyProducts" name="buyingProducts" time="36.565"/>
  <system-out/>
  <testcase classname="test.BuyProducts" name="buyingProducts" time="30.670"/>
  <system-out/>
</testsuite> <!-- test.BuyProducts -->
