<?xml version="1.0" encoding="UTF-8"?>
<!-- Generated by org.testng.reporters.JUnitReportReporter -->
<testsuite hostname="DESKTOP-90T0URJ" failures="0" tests="6" name="test.BuyProducts" time="200.572" errors="0" timestamp="2022-10-30T12:50:19 EET" skipped="0">
  <testcase classname="test.BuyProducts" name="buyingProducts" time="43.789"/>
  <system-out/>
  <testcase classname="test.BuyProducts" name="buyingProducts" time="32.791"/>
  <system-out/>
  <testcase classname="test.BuyProducts" name="buyingProducts" time="33.817"/>
  <system-out/>
  <testcase classname="test.BuyProducts" name="buyingProducts" time="24.696"/>
  <system-out/>
  <testcase classname="test.BuyProducts" name="buyingProducts" time="31.908"/>
  <system-out/>
  <testcase classname="test.BuyProducts" name="buyingProducts" time="33.571"/>
  <system-out/>
</testsuite> <!-- test.BuyProducts -->
