<?xml version="1.0" encoding="UTF-8"?>
<!-- Generated by org.testng.reporters.JUnitReportReporter -->
<testsuite hostname="DESKTOP-90T0URJ" failures="0" tests="1" name="test.OpeningTheDemoWebsite" time="8.947" errors="0" timestamp="2022-10-25T12:22:44 EEST" skipped="0">
  <testcase classname="test.OpeningTheDemoWebsite" name="openDemoSite" time="8.947"/>
  <system-out/>
</testsuite> <!-- test.OpeningTheDemoWebsite -->
